==3244== Memcheck, a memory error detector
==3244== Copyright (C) 2002-2017, and GNU GPL'd, by Julian Seward et al.
==3244== Using Valgrind-3.15.0-608cb11914-20190413 and LibVEX; rerun with -h for copyright info
==3244== Command: ./tradutor tests/correct1.c
==3244== Parent PID: 3243
==3244== 
--3244-- 
--3244-- Valgrind options:
--3244--    -v
--3244--    --tool=memcheck
--3244--    --leak-check=full
--3244--    --show-leak-kinds=all
--3244--    --track-origins=yes
--3244--    --log-file=correct1.out
--3244-- Contents of /proc/version:
--3244--   Linux version 4.4.0-19041-Microsoft (Microsoft@Microsoft.com) (gcc version 5.4.0 (GCC) ) #1237-Microsoft Sat Sep 11 14:32:00 PST 2021
--3244-- 
--3244-- Arch and hwcaps: AMD64, LittleEndian, amd64-cx16-lzcnt-rdtscp-sse3-ssse3-avx-avx2-bmi-f16c-rdrand
--3244-- Page sizes: currently 4096, max supported 4096
--3244-- Valgrind library directory: /usr/lib/x86_64-linux-gnu/valgrind
--3244-- Reading syms from /mnt/c/Users/cliente/Desktop/TRAD/17_0016641/tradutor
--3244-- Reading syms from /lib/x86_64-linux-gnu/ld-2.31.so
--3244--   Considering /lib/x86_64-linux-gnu/ld-2.31.so ..
--3244--   .. CRC mismatch (computed 975d0390 wanted 30bd717f)
--3244--   Considering /lib/x86_64-linux-gnu/ld-2.31.so ..
--3244--   .. CRC mismatch (computed 975d0390 wanted 30bd717f)
--3244--   Considering /usr/lib/debug/lib/x86_64-linux-gnu/ld-2.31.so ..
--3244--   .. CRC is valid
--3244-- Reading syms from /usr/lib/x86_64-linux-gnu/valgrind/memcheck-amd64-linux
--3244--    object doesn't have a symbol table
--3244--    object doesn't have a dynamic symbol table
--3244-- Scheduler: using generic scheduler lock implementation.
--3244-- Reading suppressions file: /usr/lib/x86_64-linux-gnu/valgrind/default.supp
==3244== embedded gdbserver: reading from /tmp/vgdb-pipe-from-vgdb-to-3244-by-root-on-???
==3244== embedded gdbserver: writing to   /tmp/vgdb-pipe-to-vgdb-from-3244-by-root-on-???
==3244== embedded gdbserver: shared mem   /tmp/vgdb-pipe-shared-mem-vgdb-3244-by-root-on-???
==3244== 
==3244== TO CONTROL THIS PROCESS USING vgdb (which you probably
==3244== don't want to do, unless you know exactly what you're doing,
==3244== or are doing some strange experiment):
==3244==   /usr/lib/x86_64-linux-gnu/valgrind/../../bin/vgdb --pid=3244 ...command...
==3244== 
==3244== TO DEBUG THIS PROCESS USING GDB: start GDB like this
==3244==   /path/to/gdb ./tradutor
==3244== and then give GDB the following command
==3244==   target remote | /usr/lib/x86_64-linux-gnu/valgrind/../../bin/vgdb --pid=3244
==3244== --pid is optional if only one valgrind process is running
==3244== 
==3244== error calling PR_SET_PTRACER, vgdb might block
--3244-- REDIR: 0x4022e10 (ld-linux-x86-64.so.2:strlen) redirected to 0x580c9ce2 (???)
--3244-- REDIR: 0x4022be0 (ld-linux-x86-64.so.2:index) redirected to 0x580c9cfc (???)
--3244-- Reading syms from /usr/lib/x86_64-linux-gnu/valgrind/vgpreload_core-amd64-linux.so
--3244--    object doesn't have a symbol table
--3244-- Reading syms from /usr/lib/x86_64-linux-gnu/valgrind/vgpreload_memcheck-amd64-linux.so
--3244--    object doesn't have a symbol table
==3244== WARNING: new redirection conflicts with existing -- ignoring it
--3244--     old: 0x04022e10 (strlen              ) R-> (0000.0) 0x580c9ce2 ???
--3244--     new: 0x04022e10 (strlen              ) R-> (2007.0) 0x0483f060 strlen
--3244-- REDIR: 0x401f5f0 (ld-linux-x86-64.so.2:strcmp) redirected to 0x483ffd0 (strcmp)
--3244-- REDIR: 0x4023370 (ld-linux-x86-64.so.2:mempcpy) redirected to 0x4843a20 (mempcpy)
--3244-- Reading syms from /lib/x86_64-linux-gnu/libc-2.31.so
--3244--   Considering /lib/x86_64-linux-gnu/libc-2.31.so ..
--3244--   .. CRC mismatch (computed 86b78530 wanted e380f01c)
--3244--   Considering /lib/x86_64-linux-gnu/libc-2.31.so ..
--3244--   .. CRC mismatch (computed 86b78530 wanted e380f01c)
--3244--   Considering /usr/lib/debug/lib/x86_64-linux-gnu/libc-2.31.so ..
--3244--   .. CRC is valid
--3244-- REDIR: 0x48f7600 (libc.so.6:memmove) redirected to 0x48311d0 (_vgnU_ifunc_wrapper)
--3244-- REDIR: 0x48f6900 (libc.so.6:strncpy) redirected to 0x48311d0 (_vgnU_ifunc_wrapper)
--3244-- REDIR: 0x48f7930 (libc.so.6:strcasecmp) redirected to 0x48311d0 (_vgnU_ifunc_wrapper)
--3244-- REDIR: 0x48f6220 (libc.so.6:strcat) redirected to 0x48311d0 (_vgnU_ifunc_wrapper)
--3244-- REDIR: 0x48f6960 (libc.so.6:rindex) redirected to 0x48311d0 (_vgnU_ifunc_wrapper)
--3244-- REDIR: 0x48f8dd0 (libc.so.6:rawmemchr) redirected to 0x48311d0 (_vgnU_ifunc_wrapper)
--3244-- REDIR: 0x4913e60 (libc.so.6:wmemchr) redirected to 0x48311d0 (_vgnU_ifunc_wrapper)
--3244-- REDIR: 0x49139a0 (libc.so.6:wcscmp) redirected to 0x48311d0 (_vgnU_ifunc_wrapper)
--3244-- REDIR: 0x48f7760 (libc.so.6:mempcpy) redirected to 0x48311d0 (_vgnU_ifunc_wrapper)
--3244-- REDIR: 0x48f7590 (libc.so.6:bcmp) redirected to 0x48311d0 (_vgnU_ifunc_wrapper)
--3244-- REDIR: 0x48f6890 (libc.so.6:strncmp) redirected to 0x48311d0 (_vgnU_ifunc_wrapper)
--3244-- REDIR: 0x48f62d0 (libc.so.6:strcmp) redirected to 0x48311d0 (_vgnU_ifunc_wrapper)
--3244-- REDIR: 0x48f76c0 (libc.so.6:memset) redirected to 0x48311d0 (_vgnU_ifunc_wrapper)
--3244-- REDIR: 0x4913960 (libc.so.6:wcschr) redirected to 0x48311d0 (_vgnU_ifunc_wrapper)
--3244-- REDIR: 0x48f67f0 (libc.so.6:strnlen) redirected to 0x48311d0 (_vgnU_ifunc_wrapper)
--3244-- REDIR: 0x48f63b0 (libc.so.6:strcspn) redirected to 0x48311d0 (_vgnU_ifunc_wrapper)
--3244-- REDIR: 0x48f7980 (libc.so.6:strncasecmp) redirected to 0x48311d0 (_vgnU_ifunc_wrapper)
--3244-- REDIR: 0x48f6350 (libc.so.6:strcpy) redirected to 0x48311d0 (_vgnU_ifunc_wrapper)
--3244-- REDIR: 0x48f7ad0 (libc.so.6:memcpy@@GLIBC_2.14) redirected to 0x48311d0 (_vgnU_ifunc_wrapper)
--3244-- REDIR: 0x49150d0 (libc.so.6:wcsnlen) redirected to 0x48311d0 (_vgnU_ifunc_wrapper)
--3244-- REDIR: 0x49139e0 (libc.so.6:wcscpy) redirected to 0x48311d0 (_vgnU_ifunc_wrapper)
--3244-- REDIR: 0x48f69a0 (libc.so.6:strpbrk) redirected to 0x48311d0 (_vgnU_ifunc_wrapper)
--3244-- REDIR: 0x48f6280 (libc.so.6:index) redirected to 0x48311d0 (_vgnU_ifunc_wrapper)
--3244-- REDIR: 0x48f67b0 (libc.so.6:strlen) redirected to 0x48311d0 (_vgnU_ifunc_wrapper)
--3244-- REDIR: 0x48ffd20 (libc.so.6:memrchr) redirected to 0x48311d0 (_vgnU_ifunc_wrapper)
--3244-- REDIR: 0x48f79d0 (libc.so.6:strcasecmp_l) redirected to 0x48311d0 (_vgnU_ifunc_wrapper)
--3244-- REDIR: 0x48f7550 (libc.so.6:memchr) redirected to 0x48311d0 (_vgnU_ifunc_wrapper)
--3244-- REDIR: 0x4913ab0 (libc.so.6:wcslen) redirected to 0x48311d0 (_vgnU_ifunc_wrapper)
--3244-- REDIR: 0x48f6c60 (libc.so.6:strspn) redirected to 0x48311d0 (_vgnU_ifunc_wrapper)
--3244-- REDIR: 0x48f78d0 (libc.so.6:stpncpy) redirected to 0x48311d0 (_vgnU_ifunc_wrapper)
--3244-- REDIR: 0x48f7870 (libc.so.6:stpcpy) redirected to 0x48311d0 (_vgnU_ifunc_wrapper)
--3244-- REDIR: 0x48f8e10 (libc.so.6:strchrnul) redirected to 0x48311d0 (_vgnU_ifunc_wrapper)
--3244-- REDIR: 0x48f7a20 (libc.so.6:strncasecmp_l) redirected to 0x48311d0 (_vgnU_ifunc_wrapper)
--3244-- REDIR: 0x49df490 (libc.so.6:__strrchr_avx2) redirected to 0x483ea10 (rindex)
--3244-- REDIR: 0x48f1260 (libc.so.6:malloc) redirected to 0x483b780 (malloc)
--3244-- REDIR: 0x48f7120 (libc.so.6:__GI_strstr) redirected to 0x4843ca0 (__strstr_sse2)
--3244-- REDIR: 0x49e2af0 (libc.so.6:__memset_avx2_unaligned_erms) redirected to 0x48428e0 (memset)
--3244-- REDIR: 0x49e0ba0 (libc.so.6:__strcpy_avx2) redirected to 0x483f090 (strcpy)
--3244-- REDIR: 0x49dfb20 (libc.so.6:__strcat_avx2) redirected to 0x483ec20 (strcat)
--3244-- REDIR: 0x49df660 (libc.so.6:__strlen_avx2) redirected to 0x483ef40 (strlen)
--3244-- REDIR: 0x49e2670 (libc.so.6:__memcpy_avx_unaligned_erms) redirected to 0x48429f0 (memmove)
--3244-- REDIR: 0x49dab60 (libc.so.6:__strcmp_avx2) redirected to 0x483fed0 (strcmp)
--3244-- REDIR: 0x48f1850 (libc.so.6:free) redirected to 0x483c9d0 (free)
--3244-- REDIR: 0x49df2a0 (libc.so.6:__strchrnul_avx2) redirected to 0x4843540 (strchrnul)
--3244-- REDIR: 0x49e2650 (libc.so.6:__mempcpy_avx_unaligned_erms) redirected to 0x4843660 (mempcpy)
==3244== 
==3244== HEAP SUMMARY:
==3244==     in use at exit: 0 bytes in 0 blocks
==3244==   total heap usage: 362 allocs, 362 frees, 35,444 bytes allocated
==3244== 
==3244== All heap blocks were freed -- no leaks are possible
==3244== 
==3244== ERROR SUMMARY: 0 errors from 0 contexts (suppressed: 0 from 0)
