==212== Memcheck, a memory error detector
==212== Copyright (C) 2002-2017, and GNU GPL'd, by Julian Seward et al.
==212== Using Valgrind-3.15.0-608cb11914-20190413 and LibVEX; rerun with -h for copyright info
==212== Command: ./tradutor tests/nalon.c
==212== Parent PID: 211
==212== 
--212-- 
--212-- Valgrind options:
--212--    -v
--212--    --tool=memcheck
--212--    --leak-check=full
--212--    --show-leak-kinds=all
--212--    --track-origins=yes
--212--    --log-file=debug.out
--212-- Contents of /proc/version:
--212--   Linux version 4.4.0-19041-Microsoft (Microsoft@Microsoft.com) (gcc version 5.4.0 (GCC) ) #1237-Microsoft Sat Sep 11 14:32:00 PST 2021
--212-- 
--212-- Arch and hwcaps: AMD64, LittleEndian, amd64-cx16-lzcnt-rdtscp-sse3-ssse3-avx-avx2-bmi-f16c-rdrand
--212-- Page sizes: currently 4096, max supported 4096
--212-- Valgrind library directory: /usr/lib/x86_64-linux-gnu/valgrind
--212-- Reading syms from /mnt/c/Users/cliente/Desktop/TRAD/17_0016641/tradutor
--212-- Reading syms from /lib/x86_64-linux-gnu/ld-2.31.so
--212--   Considering /lib/x86_64-linux-gnu/ld-2.31.so ..
--212--   .. CRC mismatch (computed 975d0390 wanted 30bd717f)
--212--   Considering /lib/x86_64-linux-gnu/ld-2.31.so ..
--212--   .. CRC mismatch (computed 975d0390 wanted 30bd717f)
--212--   Considering /usr/lib/debug/lib/x86_64-linux-gnu/ld-2.31.so ..
--212--   .. CRC is valid
--212-- Reading syms from /usr/lib/x86_64-linux-gnu/valgrind/memcheck-amd64-linux
--212--    object doesn't have a symbol table
--212--    object doesn't have a dynamic symbol table
--212-- Scheduler: using generic scheduler lock implementation.
--212-- Reading suppressions file: /usr/lib/x86_64-linux-gnu/valgrind/default.supp
==212== embedded gdbserver: reading from /tmp/vgdb-pipe-from-vgdb-to-212-by-root-on-???
==212== embedded gdbserver: writing to   /tmp/vgdb-pipe-to-vgdb-from-212-by-root-on-???
==212== embedded gdbserver: shared mem   /tmp/vgdb-pipe-shared-mem-vgdb-212-by-root-on-???
==212== 
==212== TO CONTROL THIS PROCESS USING vgdb (which you probably
==212== don't want to do, unless you know exactly what you're doing,
==212== or are doing some strange experiment):
==212==   /usr/lib/x86_64-linux-gnu/valgrind/../../bin/vgdb --pid=212 ...command...
==212== 
==212== TO DEBUG THIS PROCESS USING GDB: start GDB like this
==212==   /path/to/gdb ./tradutor
==212== and then give GDB the following command
==212==   target remote | /usr/lib/x86_64-linux-gnu/valgrind/../../bin/vgdb --pid=212
==212== --pid is optional if only one valgrind process is running
==212== 
==212== error calling PR_SET_PTRACER, vgdb might block
--212-- REDIR: 0x4022e10 (ld-linux-x86-64.so.2:strlen) redirected to 0x580c9ce2 (???)
--212-- REDIR: 0x4022be0 (ld-linux-x86-64.so.2:index) redirected to 0x580c9cfc (???)
--212-- Reading syms from /usr/lib/x86_64-linux-gnu/valgrind/vgpreload_core-amd64-linux.so
--212--    object doesn't have a symbol table
--212-- Reading syms from /usr/lib/x86_64-linux-gnu/valgrind/vgpreload_memcheck-amd64-linux.so
--212--    object doesn't have a symbol table
==212== WARNING: new redirection conflicts with existing -- ignoring it
--212--     old: 0x04022e10 (strlen              ) R-> (0000.0) 0x580c9ce2 ???
--212--     new: 0x04022e10 (strlen              ) R-> (2007.0) 0x0483f060 strlen
--212-- REDIR: 0x401f5f0 (ld-linux-x86-64.so.2:strcmp) redirected to 0x483ffd0 (strcmp)
--212-- REDIR: 0x4023370 (ld-linux-x86-64.so.2:mempcpy) redirected to 0x4843a20 (mempcpy)
--212-- Reading syms from /lib/x86_64-linux-gnu/libc-2.31.so
--212--   Considering /lib/x86_64-linux-gnu/libc-2.31.so ..
--212--   .. CRC mismatch (computed 86b78530 wanted e380f01c)
--212--   Considering /lib/x86_64-linux-gnu/libc-2.31.so ..
--212--   .. CRC mismatch (computed 86b78530 wanted e380f01c)
--212--   Considering /usr/lib/debug/lib/x86_64-linux-gnu/libc-2.31.so ..
--212--   .. CRC is valid
--212-- REDIR: 0x48f7600 (libc.so.6:memmove) redirected to 0x48311d0 (_vgnU_ifunc_wrapper)
--212-- REDIR: 0x48f6900 (libc.so.6:strncpy) redirected to 0x48311d0 (_vgnU_ifunc_wrapper)
--212-- REDIR: 0x48f7930 (libc.so.6:strcasecmp) redirected to 0x48311d0 (_vgnU_ifunc_wrapper)
--212-- REDIR: 0x48f6220 (libc.so.6:strcat) redirected to 0x48311d0 (_vgnU_ifunc_wrapper)
--212-- REDIR: 0x48f6960 (libc.so.6:rindex) redirected to 0x48311d0 (_vgnU_ifunc_wrapper)
--212-- REDIR: 0x48f8dd0 (libc.so.6:rawmemchr) redirected to 0x48311d0 (_vgnU_ifunc_wrapper)
--212-- REDIR: 0x4913e60 (libc.so.6:wmemchr) redirected to 0x48311d0 (_vgnU_ifunc_wrapper)
--212-- REDIR: 0x49139a0 (libc.so.6:wcscmp) redirected to 0x48311d0 (_vgnU_ifunc_wrapper)
--212-- REDIR: 0x48f7760 (libc.so.6:mempcpy) redirected to 0x48311d0 (_vgnU_ifunc_wrapper)
--212-- REDIR: 0x48f7590 (libc.so.6:bcmp) redirected to 0x48311d0 (_vgnU_ifunc_wrapper)
--212-- REDIR: 0x48f6890 (libc.so.6:strncmp) redirected to 0x48311d0 (_vgnU_ifunc_wrapper)
--212-- REDIR: 0x48f62d0 (libc.so.6:strcmp) redirected to 0x48311d0 (_vgnU_ifunc_wrapper)
--212-- REDIR: 0x48f76c0 (libc.so.6:memset) redirected to 0x48311d0 (_vgnU_ifunc_wrapper)
--212-- REDIR: 0x4913960 (libc.so.6:wcschr) redirected to 0x48311d0 (_vgnU_ifunc_wrapper)
--212-- REDIR: 0x48f67f0 (libc.so.6:strnlen) redirected to 0x48311d0 (_vgnU_ifunc_wrapper)
--212-- REDIR: 0x48f63b0 (libc.so.6:strcspn) redirected to 0x48311d0 (_vgnU_ifunc_wrapper)
--212-- REDIR: 0x48f7980 (libc.so.6:strncasecmp) redirected to 0x48311d0 (_vgnU_ifunc_wrapper)
--212-- REDIR: 0x48f6350 (libc.so.6:strcpy) redirected to 0x48311d0 (_vgnU_ifunc_wrapper)
--212-- REDIR: 0x48f7ad0 (libc.so.6:memcpy@@GLIBC_2.14) redirected to 0x48311d0 (_vgnU_ifunc_wrapper)
--212-- REDIR: 0x49150d0 (libc.so.6:wcsnlen) redirected to 0x48311d0 (_vgnU_ifunc_wrapper)
--212-- REDIR: 0x49139e0 (libc.so.6:wcscpy) redirected to 0x48311d0 (_vgnU_ifunc_wrapper)
--212-- REDIR: 0x48f69a0 (libc.so.6:strpbrk) redirected to 0x48311d0 (_vgnU_ifunc_wrapper)
--212-- REDIR: 0x48f6280 (libc.so.6:index) redirected to 0x48311d0 (_vgnU_ifunc_wrapper)
--212-- REDIR: 0x48f67b0 (libc.so.6:strlen) redirected to 0x48311d0 (_vgnU_ifunc_wrapper)
--212-- REDIR: 0x48ffd20 (libc.so.6:memrchr) redirected to 0x48311d0 (_vgnU_ifunc_wrapper)
--212-- REDIR: 0x48f79d0 (libc.so.6:strcasecmp_l) redirected to 0x48311d0 (_vgnU_ifunc_wrapper)
--212-- REDIR: 0x48f7550 (libc.so.6:memchr) redirected to 0x48311d0 (_vgnU_ifunc_wrapper)
--212-- REDIR: 0x4913ab0 (libc.so.6:wcslen) redirected to 0x48311d0 (_vgnU_ifunc_wrapper)
--212-- REDIR: 0x48f6c60 (libc.so.6:strspn) redirected to 0x48311d0 (_vgnU_ifunc_wrapper)
--212-- REDIR: 0x48f78d0 (libc.so.6:stpncpy) redirected to 0x48311d0 (_vgnU_ifunc_wrapper)
--212-- REDIR: 0x48f7870 (libc.so.6:stpcpy) redirected to 0x48311d0 (_vgnU_ifunc_wrapper)
--212-- REDIR: 0x48f8e10 (libc.so.6:strchrnul) redirected to 0x48311d0 (_vgnU_ifunc_wrapper)
--212-- REDIR: 0x48f7a20 (libc.so.6:strncasecmp_l) redirected to 0x48311d0 (_vgnU_ifunc_wrapper)
--212-- REDIR: 0x49df490 (libc.so.6:__strrchr_avx2) redirected to 0x483ea10 (rindex)
--212-- REDIR: 0x48f1260 (libc.so.6:malloc) redirected to 0x483b780 (malloc)
--212-- REDIR: 0x48f7120 (libc.so.6:__GI_strstr) redirected to 0x4843ca0 (__strstr_sse2)
--212-- REDIR: 0x49e2af0 (libc.so.6:__memset_avx2_unaligned_erms) redirected to 0x48428e0 (memset)
--212-- REDIR: 0x49e0ba0 (libc.so.6:__strcpy_avx2) redirected to 0x483f090 (strcpy)
--212-- REDIR: 0x49df660 (libc.so.6:__strlen_avx2) redirected to 0x483ef40 (strlen)
--212-- REDIR: 0x49dfb20 (libc.so.6:__strcat_avx2) redirected to 0x483ec20 (strcat)
--212-- REDIR: 0x49e2670 (libc.so.6:__memcpy_avx_unaligned_erms) redirected to 0x48429f0 (memmove)
--212-- REDIR: 0x49dab60 (libc.so.6:__strcmp_avx2) redirected to 0x483fed0 (strcmp)
--212-- REDIR: 0x48f1850 (libc.so.6:free) redirected to 0x483c9d0 (free)
--212-- REDIR: 0x49df2a0 (libc.so.6:__strchrnul_avx2) redirected to 0x4843540 (strchrnul)
--212-- REDIR: 0x49e2650 (libc.so.6:__mempcpy_avx_unaligned_erms) redirected to 0x4843660 (mempcpy)
==212== 
==212== HEAP SUMMARY:
==212==     in use at exit: 0 bytes in 0 blocks
==212==   total heap usage: 347 allocs, 347 frees, 35,943 bytes allocated
==212== 
==212== All heap blocks were freed -- no leaks are possible
==212== 
==212== ERROR SUMMARY: 0 errors from 0 contexts (suppressed: 0 from 0)
