==1423== Memcheck, a memory error detector
==1423== Copyright (C) 2002-2017, and GNU GPL'd, by Julian Seward et al.
==1423== Using Valgrind-3.15.0-608cb11914-20190413 and LibVEX; rerun with -h for copyright info
==1423== Command: ./tradutor tests/incorrect1.c
==1423== Parent PID: 1422
==1423== 
--1423-- 
--1423-- Valgrind options:
--1423--    -v
--1423--    --tool=memcheck
--1423--    --leak-check=full
--1423--    --show-leak-kinds=all
--1423--    --track-origins=yes
--1423--    --log-file=logfile3.out
--1423-- Contents of /proc/version:
--1423--   Linux version 4.4.0-19041-Microsoft (Microsoft@Microsoft.com) (gcc version 5.4.0 (GCC) ) #1237-Microsoft Sat Sep 11 14:32:00 PST 2021
--1423-- 
--1423-- Arch and hwcaps: AMD64, LittleEndian, amd64-cx16-lzcnt-rdtscp-sse3-ssse3-avx-avx2-bmi-f16c-rdrand
--1423-- Page sizes: currently 4096, max supported 4096
--1423-- Valgrind library directory: /usr/lib/x86_64-linux-gnu/valgrind
--1423-- Reading syms from /mnt/c/Users/cliente/Desktop/TRAD/recente/tradutor
--1423-- Reading syms from /lib/x86_64-linux-gnu/ld-2.31.so
--1423--   Considering /lib/x86_64-linux-gnu/ld-2.31.so ..
--1423--   .. CRC mismatch (computed 975d0390 wanted 30bd717f)
--1423--   Considering /lib/x86_64-linux-gnu/ld-2.31.so ..
--1423--   .. CRC mismatch (computed 975d0390 wanted 30bd717f)
--1423--   Considering /usr/lib/debug/lib/x86_64-linux-gnu/ld-2.31.so ..
--1423--   .. CRC is valid
--1423-- Reading syms from /usr/lib/x86_64-linux-gnu/valgrind/memcheck-amd64-linux
--1423--    object doesn't have a symbol table
--1423--    object doesn't have a dynamic symbol table
--1423-- Scheduler: using generic scheduler lock implementation.
--1423-- Reading suppressions file: /usr/lib/x86_64-linux-gnu/valgrind/default.supp
==1423== embedded gdbserver: reading from /tmp/vgdb-pipe-from-vgdb-to-1423-by-root-on-???
==1423== embedded gdbserver: writing to   /tmp/vgdb-pipe-to-vgdb-from-1423-by-root-on-???
==1423== embedded gdbserver: shared mem   /tmp/vgdb-pipe-shared-mem-vgdb-1423-by-root-on-???
==1423== 
==1423== TO CONTROL THIS PROCESS USING vgdb (which you probably
==1423== don't want to do, unless you know exactly what you're doing,
==1423== or are doing some strange experiment):
==1423==   /usr/lib/x86_64-linux-gnu/valgrind/../../bin/vgdb --pid=1423 ...command...
==1423== 
==1423== TO DEBUG THIS PROCESS USING GDB: start GDB like this
==1423==   /path/to/gdb ./tradutor
==1423== and then give GDB the following command
==1423==   target remote | /usr/lib/x86_64-linux-gnu/valgrind/../../bin/vgdb --pid=1423
==1423== --pid is optional if only one valgrind process is running
==1423== 
==1423== error calling PR_SET_PTRACER, vgdb might block
--1423-- REDIR: 0x4022e10 (ld-linux-x86-64.so.2:strlen) redirected to 0x580c9ce2 (???)
--1423-- REDIR: 0x4022be0 (ld-linux-x86-64.so.2:index) redirected to 0x580c9cfc (???)
--1423-- Reading syms from /usr/lib/x86_64-linux-gnu/valgrind/vgpreload_core-amd64-linux.so
--1423--    object doesn't have a symbol table
--1423-- Reading syms from /usr/lib/x86_64-linux-gnu/valgrind/vgpreload_memcheck-amd64-linux.so
--1423--    object doesn't have a symbol table
==1423== WARNING: new redirection conflicts with existing -- ignoring it
--1423--     old: 0x04022e10 (strlen              ) R-> (0000.0) 0x580c9ce2 ???
--1423--     new: 0x04022e10 (strlen              ) R-> (2007.0) 0x0483f060 strlen
--1423-- REDIR: 0x401f5f0 (ld-linux-x86-64.so.2:strcmp) redirected to 0x483ffd0 (strcmp)
--1423-- REDIR: 0x4023370 (ld-linux-x86-64.so.2:mempcpy) redirected to 0x4843a20 (mempcpy)
--1423-- Reading syms from /lib/x86_64-linux-gnu/libc-2.31.so
--1423--   Considering /lib/x86_64-linux-gnu/libc-2.31.so ..
--1423--   .. CRC mismatch (computed 86b78530 wanted e380f01c)
--1423--   Considering /lib/x86_64-linux-gnu/libc-2.31.so ..
--1423--   .. CRC mismatch (computed 86b78530 wanted e380f01c)
--1423--   Considering /usr/lib/debug/lib/x86_64-linux-gnu/libc-2.31.so ..
--1423--   .. CRC is valid
--1423-- REDIR: 0x48f7600 (libc.so.6:memmove) redirected to 0x48311d0 (_vgnU_ifunc_wrapper)
--1423-- REDIR: 0x48f6900 (libc.so.6:strncpy) redirected to 0x48311d0 (_vgnU_ifunc_wrapper)
--1423-- REDIR: 0x48f7930 (libc.so.6:strcasecmp) redirected to 0x48311d0 (_vgnU_ifunc_wrapper)
--1423-- REDIR: 0x48f6220 (libc.so.6:strcat) redirected to 0x48311d0 (_vgnU_ifunc_wrapper)
--1423-- REDIR: 0x48f6960 (libc.so.6:rindex) redirected to 0x48311d0 (_vgnU_ifunc_wrapper)
--1423-- REDIR: 0x48f8dd0 (libc.so.6:rawmemchr) redirected to 0x48311d0 (_vgnU_ifunc_wrapper)
--1423-- REDIR: 0x4913e60 (libc.so.6:wmemchr) redirected to 0x48311d0 (_vgnU_ifunc_wrapper)
--1423-- REDIR: 0x49139a0 (libc.so.6:wcscmp) redirected to 0x48311d0 (_vgnU_ifunc_wrapper)
--1423-- REDIR: 0x48f7760 (libc.so.6:mempcpy) redirected to 0x48311d0 (_vgnU_ifunc_wrapper)
--1423-- REDIR: 0x48f7590 (libc.so.6:bcmp) redirected to 0x48311d0 (_vgnU_ifunc_wrapper)
--1423-- REDIR: 0x48f6890 (libc.so.6:strncmp) redirected to 0x48311d0 (_vgnU_ifunc_wrapper)
--1423-- REDIR: 0x48f62d0 (libc.so.6:strcmp) redirected to 0x48311d0 (_vgnU_ifunc_wrapper)
--1423-- REDIR: 0x48f76c0 (libc.so.6:memset) redirected to 0x48311d0 (_vgnU_ifunc_wrapper)
--1423-- REDIR: 0x4913960 (libc.so.6:wcschr) redirected to 0x48311d0 (_vgnU_ifunc_wrapper)
--1423-- REDIR: 0x48f67f0 (libc.so.6:strnlen) redirected to 0x48311d0 (_vgnU_ifunc_wrapper)
--1423-- REDIR: 0x48f63b0 (libc.so.6:strcspn) redirected to 0x48311d0 (_vgnU_ifunc_wrapper)
--1423-- REDIR: 0x48f7980 (libc.so.6:strncasecmp) redirected to 0x48311d0 (_vgnU_ifunc_wrapper)
--1423-- REDIR: 0x48f6350 (libc.so.6:strcpy) redirected to 0x48311d0 (_vgnU_ifunc_wrapper)
--1423-- REDIR: 0x48f7ad0 (libc.so.6:memcpy@@GLIBC_2.14) redirected to 0x48311d0 (_vgnU_ifunc_wrapper)
--1423-- REDIR: 0x49150d0 (libc.so.6:wcsnlen) redirected to 0x48311d0 (_vgnU_ifunc_wrapper)
--1423-- REDIR: 0x49139e0 (libc.so.6:wcscpy) redirected to 0x48311d0 (_vgnU_ifunc_wrapper)
--1423-- REDIR: 0x48f69a0 (libc.so.6:strpbrk) redirected to 0x48311d0 (_vgnU_ifunc_wrapper)
--1423-- REDIR: 0x48f6280 (libc.so.6:index) redirected to 0x48311d0 (_vgnU_ifunc_wrapper)
--1423-- REDIR: 0x48f67b0 (libc.so.6:strlen) redirected to 0x48311d0 (_vgnU_ifunc_wrapper)
--1423-- REDIR: 0x48ffd20 (libc.so.6:memrchr) redirected to 0x48311d0 (_vgnU_ifunc_wrapper)
--1423-- REDIR: 0x48f79d0 (libc.so.6:strcasecmp_l) redirected to 0x48311d0 (_vgnU_ifunc_wrapper)
--1423-- REDIR: 0x48f7550 (libc.so.6:memchr) redirected to 0x48311d0 (_vgnU_ifunc_wrapper)
--1423-- REDIR: 0x4913ab0 (libc.so.6:wcslen) redirected to 0x48311d0 (_vgnU_ifunc_wrapper)
--1423-- REDIR: 0x48f6c60 (libc.so.6:strspn) redirected to 0x48311d0 (_vgnU_ifunc_wrapper)
--1423-- REDIR: 0x48f78d0 (libc.so.6:stpncpy) redirected to 0x48311d0 (_vgnU_ifunc_wrapper)
--1423-- REDIR: 0x48f7870 (libc.so.6:stpcpy) redirected to 0x48311d0 (_vgnU_ifunc_wrapper)
--1423-- REDIR: 0x48f8e10 (libc.so.6:strchrnul) redirected to 0x48311d0 (_vgnU_ifunc_wrapper)
--1423-- REDIR: 0x48f7a20 (libc.so.6:strncasecmp_l) redirected to 0x48311d0 (_vgnU_ifunc_wrapper)
--1423-- REDIR: 0x49df490 (libc.so.6:__strrchr_avx2) redirected to 0x483ea10 (rindex)
--1423-- REDIR: 0x48f1260 (libc.so.6:malloc) redirected to 0x483b780 (malloc)
--1423-- REDIR: 0x48f7120 (libc.so.6:__GI_strstr) redirected to 0x4843ca0 (__strstr_sse2)
--1423-- REDIR: 0x49e2af0 (libc.so.6:__memset_avx2_unaligned_erms) redirected to 0x48428e0 (memset)
--1423-- REDIR: 0x49e0ba0 (libc.so.6:__strcpy_avx2) redirected to 0x483f090 (strcpy)
--1423-- REDIR: 0x49df660 (libc.so.6:__strlen_avx2) redirected to 0x483ef40 (strlen)
--1423-- REDIR: 0x49dfb20 (libc.so.6:__strcat_avx2) redirected to 0x483ec20 (strcat)
--1423-- REDIR: 0x49e2670 (libc.so.6:__memcpy_avx_unaligned_erms) redirected to 0x48429f0 (memmove)
--1423-- REDIR: 0x49dab60 (libc.so.6:__strcmp_avx2) redirected to 0x483fed0 (strcmp)
--1423-- REDIR: 0x49df2a0 (libc.so.6:__strchrnul_avx2) redirected to 0x4843540 (strchrnul)
--1423-- REDIR: 0x49e2650 (libc.so.6:__mempcpy_avx_unaligned_erms) redirected to 0x4843660 (mempcpy)
--1423-- REDIR: 0x48f1850 (libc.so.6:free) redirected to 0x483c9d0 (free)
==1423== 
==1423== HEAP SUMMARY:
==1423==     in use at exit: 855 bytes in 21 blocks
==1423==   total heap usage: 33 allocs, 12 frees, 26,433 bytes allocated
==1423== 
==1423== Searching for pointers to 21 not-freed blocks
==1423== Checked 73,520 bytes
==1423== 
==1423== 6 bytes in 1 blocks are still reachable in loss record 1 of 16
==1423==    at 0x483B7F3: malloc (in /usr/lib/x86_64-linux-gnu/valgrind/vgpreload_memcheck-amd64-linux.so)
==1423==    by 0x48F650E: strdup (strdup.c:42)
==1423==    by 0x110DBD: createAstNode (structures.c:108)
==1423==    by 0x10CCE7: yyparse (syntax.y:533)
==1423==    by 0x10E4B5: main (syntax.y:788)
==1423== 
==1423== 11 bytes in 1 blocks are still reachable in loss record 2 of 16
==1423==    at 0x483B7F3: malloc (in /usr/lib/x86_64-linux-gnu/valgrind/vgpreload_memcheck-amd64-linux.so)
==1423==    by 0x48F650E: strdup (strdup.c:42)
==1423==    by 0x110DBD: createAstNode (structures.c:108)
==1423==    by 0x10BF0A: yyparse (syntax.y:288)
==1423==    by 0x10E4B5: main (syntax.y:788)
==1423== 
==1423== 11 bytes in 1 blocks are still reachable in loss record 3 of 16
==1423==    at 0x483B7F3: malloc (in /usr/lib/x86_64-linux-gnu/valgrind/vgpreload_memcheck-amd64-linux.so)
==1423==    by 0x48F650E: strdup (strdup.c:42)
==1423==    by 0x110DBD: createAstNode (structures.c:108)
==1423==    by 0x10BF58: yyparse (syntax.y:293)
==1423==    by 0x10E4B5: main (syntax.y:788)
==1423== 
==1423== 12 bytes in 2 blocks are still reachable in loss record 4 of 16
==1423==    at 0x483B7F3: malloc (in /usr/lib/x86_64-linux-gnu/valgrind/vgpreload_memcheck-amd64-linux.so)
==1423==    by 0x48F650E: strdup (strdup.c:42)
==1423==    by 0x110DBD: createAstNode (structures.c:108)
==1423==    by 0x10C005: yyparse (syntax.y:307)
==1423==    by 0x10E4B5: main (syntax.y:788)
==1423== 
==1423== 14 bytes in 1 blocks are still reachable in loss record 5 of 16
==1423==    at 0x483B7F3: malloc (in /usr/lib/x86_64-linux-gnu/valgrind/vgpreload_memcheck-amd64-linux.so)
==1423==    by 0x48F650E: strdup (strdup.c:42)
==1423==    by 0x10BEA6: yyparse (syntax.y:279)
==1423==    by 0x10E4B5: main (syntax.y:788)
==1423== 
==1423== 14 bytes in 2 blocks are still reachable in loss record 6 of 16
==1423==    at 0x483B7F3: malloc (in /usr/lib/x86_64-linux-gnu/valgrind/vgpreload_memcheck-amd64-linux.so)
==1423==    by 0x48F650E: strdup (strdup.c:42)
==1423==    by 0x10B5AA: yyparse (syntax.y:174)
==1423==    by 0x10E4B5: main (syntax.y:788)
==1423== 
==1423== 16 bytes in 1 blocks are still reachable in loss record 7 of 16
==1423==    at 0x483B7F3: malloc (in /usr/lib/x86_64-linux-gnu/valgrind/vgpreload_memcheck-amd64-linux.so)
==1423==    by 0x48F650E: strdup (strdup.c:42)
==1423==    by 0x110DBD: createAstNode (structures.c:108)
==1423==    by 0x10BBA7: yyparse (syntax.y:245)
==1423==    by 0x10E4B5: main (syntax.y:788)
==1423== 
==1423== 21 bytes in 1 blocks are still reachable in loss record 8 of 16
==1423==    at 0x483B7F3: malloc (in /usr/lib/x86_64-linux-gnu/valgrind/vgpreload_memcheck-amd64-linux.so)
==1423==    by 0x48F650E: strdup (strdup.c:42)
==1423==    by 0x110DBD: createAstNode (structures.c:108)
==1423==    by 0x10BE4F: yyparse (syntax.y:276)
==1423==    by 0x10E4B5: main (syntax.y:788)
==1423== 
==1423== 30 bytes in 2 blocks are still reachable in loss record 9 of 16
==1423==    at 0x483B7F3: malloc (in /usr/lib/x86_64-linux-gnu/valgrind/vgpreload_memcheck-amd64-linux.so)
==1423==    by 0x48F650E: strdup (strdup.c:42)
==1423==    by 0x110DBD: createAstNode (structures.c:108)
==1423==    by 0x10B531: yyparse (syntax.y:170)
==1423==    by 0x10E4B5: main (syntax.y:788)
==1423== 
==1423== 80 bytes in 1 blocks are still reachable in loss record 10 of 16
==1423==    at 0x483B7F3: malloc (in /usr/lib/x86_64-linux-gnu/valgrind/vgpreload_memcheck-amd64-linux.so)
==1423==    by 0x110DAD: createAstNode (structures.c:107)
==1423==    by 0x10BE4F: yyparse (syntax.y:276)
==1423==    by 0x10E4B5: main (syntax.y:788)
==1423== 
==1423== 80 bytes in 1 blocks are still reachable in loss record 11 of 16
==1423==    at 0x483B7F3: malloc (in /usr/lib/x86_64-linux-gnu/valgrind/vgpreload_memcheck-amd64-linux.so)
==1423==    by 0x110DAD: createAstNode (structures.c:107)
==1423==    by 0x10BF0A: yyparse (syntax.y:288)
==1423==    by 0x10E4B5: main (syntax.y:788)
==1423== 
==1423== 80 bytes in 1 blocks are still reachable in loss record 12 of 16
==1423==    at 0x483B7F3: malloc (in /usr/lib/x86_64-linux-gnu/valgrind/vgpreload_memcheck-amd64-linux.so)
==1423==    by 0x110DAD: createAstNode (structures.c:107)
==1423==    by 0x10BF58: yyparse (syntax.y:293)
==1423==    by 0x10E4B5: main (syntax.y:788)
==1423== 
==1423== 80 bytes in 1 blocks are still reachable in loss record 13 of 16
==1423==    at 0x483B7F3: malloc (in /usr/lib/x86_64-linux-gnu/valgrind/vgpreload_memcheck-amd64-linux.so)
==1423==    by 0x110DAD: createAstNode (structures.c:107)
==1423==    by 0x10BBA7: yyparse (syntax.y:245)
==1423==    by 0x10E4B5: main (syntax.y:788)
==1423== 
==1423== 80 bytes in 1 blocks are still reachable in loss record 14 of 16
==1423==    at 0x483B7F3: malloc (in /usr/lib/x86_64-linux-gnu/valgrind/vgpreload_memcheck-amd64-linux.so)
==1423==    by 0x110DAD: createAstNode (structures.c:107)
==1423==    by 0x10CCE7: yyparse (syntax.y:533)
==1423==    by 0x10E4B5: main (syntax.y:788)
==1423== 
==1423== 160 bytes in 2 blocks are still reachable in loss record 15 of 16
==1423==    at 0x483B7F3: malloc (in /usr/lib/x86_64-linux-gnu/valgrind/vgpreload_memcheck-amd64-linux.so)
==1423==    by 0x110DAD: createAstNode (structures.c:107)
==1423==    by 0x10B531: yyparse (syntax.y:170)
==1423==    by 0x10E4B5: main (syntax.y:788)
==1423== 
==1423== 160 bytes in 2 blocks are still reachable in loss record 16 of 16
==1423==    at 0x483B7F3: malloc (in /usr/lib/x86_64-linux-gnu/valgrind/vgpreload_memcheck-amd64-linux.so)
==1423==    by 0x110DAD: createAstNode (structures.c:107)
==1423==    by 0x10C005: yyparse (syntax.y:307)
==1423==    by 0x10E4B5: main (syntax.y:788)
==1423== 
==1423== LEAK SUMMARY:
==1423==    definitely lost: 0 bytes in 0 blocks
==1423==    indirectly lost: 0 bytes in 0 blocks
==1423==      possibly lost: 0 bytes in 0 blocks
==1423==    still reachable: 855 bytes in 21 blocks
==1423==         suppressed: 0 bytes in 0 blocks
==1423== 
==1423== ERROR SUMMARY: 0 errors from 0 contexts (suppressed: 0 from 0)
