==257== Memcheck, a memory error detector
==257== Copyright (C) 2002-2017, and GNU GPL'd, by Julian Seward et al.
==257== Using Valgrind-3.15.0-608cb11914-20190413 and LibVEX; rerun with -h for copyright info
==257== Command: ./tradutor tests/correct1.c
==257== Parent PID: 256
==257== 
--257-- 
--257-- Valgrind options:
--257--    -v
--257--    --tool=memcheck
--257--    --leak-check=full
--257--    --show-leak-kinds=all
--257--    --track-origins=yes
--257--    --log-file=logfile1.out
--257-- Contents of /proc/version:
--257--   Linux version 4.4.0-19041-Microsoft (Microsoft@Microsoft.com) (gcc version 5.4.0 (GCC) ) #1237-Microsoft Sat Sep 11 14:32:00 PST 2021
--257-- 
--257-- Arch and hwcaps: AMD64, LittleEndian, amd64-cx16-lzcnt-rdtscp-sse3-ssse3-avx-avx2-bmi-f16c-rdrand
--257-- Page sizes: currently 4096, max supported 4096
--257-- Valgrind library directory: /usr/lib/x86_64-linux-gnu/valgrind
--257-- Reading syms from /mnt/c/Users/cliente/Desktop/TRAD/17_0016641/tradutor
--257-- Reading syms from /lib/x86_64-linux-gnu/ld-2.31.so
--257--   Considering /lib/x86_64-linux-gnu/ld-2.31.so ..
--257--   .. CRC mismatch (computed 975d0390 wanted 30bd717f)
--257--   Considering /lib/x86_64-linux-gnu/ld-2.31.so ..
--257--   .. CRC mismatch (computed 975d0390 wanted 30bd717f)
--257--   Considering /usr/lib/debug/lib/x86_64-linux-gnu/ld-2.31.so ..
--257--   .. CRC is valid
--257-- Reading syms from /usr/lib/x86_64-linux-gnu/valgrind/memcheck-amd64-linux
--257--    object doesn't have a symbol table
--257--    object doesn't have a dynamic symbol table
--257-- Scheduler: using generic scheduler lock implementation.
--257-- Reading suppressions file: /usr/lib/x86_64-linux-gnu/valgrind/default.supp
==257== embedded gdbserver: reading from /tmp/vgdb-pipe-from-vgdb-to-257-by-root-on-???
==257== embedded gdbserver: writing to   /tmp/vgdb-pipe-to-vgdb-from-257-by-root-on-???
==257== embedded gdbserver: shared mem   /tmp/vgdb-pipe-shared-mem-vgdb-257-by-root-on-???
==257== 
==257== TO CONTROL THIS PROCESS USING vgdb (which you probably
==257== don't want to do, unless you know exactly what you're doing,
==257== or are doing some strange experiment):
==257==   /usr/lib/x86_64-linux-gnu/valgrind/../../bin/vgdb --pid=257 ...command...
==257== 
==257== TO DEBUG THIS PROCESS USING GDB: start GDB like this
==257==   /path/to/gdb ./tradutor
==257== and then give GDB the following command
==257==   target remote | /usr/lib/x86_64-linux-gnu/valgrind/../../bin/vgdb --pid=257
==257== --pid is optional if only one valgrind process is running
==257== 
==257== error calling PR_SET_PTRACER, vgdb might block
--257-- REDIR: 0x4022e10 (ld-linux-x86-64.so.2:strlen) redirected to 0x580c9ce2 (???)
--257-- REDIR: 0x4022be0 (ld-linux-x86-64.so.2:index) redirected to 0x580c9cfc (???)
--257-- Reading syms from /usr/lib/x86_64-linux-gnu/valgrind/vgpreload_core-amd64-linux.so
--257--    object doesn't have a symbol table
--257-- Reading syms from /usr/lib/x86_64-linux-gnu/valgrind/vgpreload_memcheck-amd64-linux.so
--257--    object doesn't have a symbol table
==257== WARNING: new redirection conflicts with existing -- ignoring it
--257--     old: 0x04022e10 (strlen              ) R-> (0000.0) 0x580c9ce2 ???
--257--     new: 0x04022e10 (strlen              ) R-> (2007.0) 0x0483f060 strlen
--257-- REDIR: 0x401f5f0 (ld-linux-x86-64.so.2:strcmp) redirected to 0x483ffd0 (strcmp)
--257-- REDIR: 0x4023370 (ld-linux-x86-64.so.2:mempcpy) redirected to 0x4843a20 (mempcpy)
--257-- Reading syms from /lib/x86_64-linux-gnu/libc-2.31.so
--257--   Considering /lib/x86_64-linux-gnu/libc-2.31.so ..
--257--   .. CRC mismatch (computed 86b78530 wanted e380f01c)
--257--   Considering /lib/x86_64-linux-gnu/libc-2.31.so ..
--257--   .. CRC mismatch (computed 86b78530 wanted e380f01c)
--257--   Considering /usr/lib/debug/lib/x86_64-linux-gnu/libc-2.31.so ..
--257--   .. CRC is valid
--257-- REDIR: 0x48f7600 (libc.so.6:memmove) redirected to 0x48311d0 (_vgnU_ifunc_wrapper)
--257-- REDIR: 0x48f6900 (libc.so.6:strncpy) redirected to 0x48311d0 (_vgnU_ifunc_wrapper)
--257-- REDIR: 0x48f7930 (libc.so.6:strcasecmp) redirected to 0x48311d0 (_vgnU_ifunc_wrapper)
--257-- REDIR: 0x48f6220 (libc.so.6:strcat) redirected to 0x48311d0 (_vgnU_ifunc_wrapper)
--257-- REDIR: 0x48f6960 (libc.so.6:rindex) redirected to 0x48311d0 (_vgnU_ifunc_wrapper)
--257-- REDIR: 0x48f8dd0 (libc.so.6:rawmemchr) redirected to 0x48311d0 (_vgnU_ifunc_wrapper)
--257-- REDIR: 0x4913e60 (libc.so.6:wmemchr) redirected to 0x48311d0 (_vgnU_ifunc_wrapper)
--257-- REDIR: 0x49139a0 (libc.so.6:wcscmp) redirected to 0x48311d0 (_vgnU_ifunc_wrapper)
--257-- REDIR: 0x48f7760 (libc.so.6:mempcpy) redirected to 0x48311d0 (_vgnU_ifunc_wrapper)
--257-- REDIR: 0x48f7590 (libc.so.6:bcmp) redirected to 0x48311d0 (_vgnU_ifunc_wrapper)
--257-- REDIR: 0x48f6890 (libc.so.6:strncmp) redirected to 0x48311d0 (_vgnU_ifunc_wrapper)
--257-- REDIR: 0x48f62d0 (libc.so.6:strcmp) redirected to 0x48311d0 (_vgnU_ifunc_wrapper)
--257-- REDIR: 0x48f76c0 (libc.so.6:memset) redirected to 0x48311d0 (_vgnU_ifunc_wrapper)
--257-- REDIR: 0x4913960 (libc.so.6:wcschr) redirected to 0x48311d0 (_vgnU_ifunc_wrapper)
--257-- REDIR: 0x48f67f0 (libc.so.6:strnlen) redirected to 0x48311d0 (_vgnU_ifunc_wrapper)
--257-- REDIR: 0x48f63b0 (libc.so.6:strcspn) redirected to 0x48311d0 (_vgnU_ifunc_wrapper)
--257-- REDIR: 0x48f7980 (libc.so.6:strncasecmp) redirected to 0x48311d0 (_vgnU_ifunc_wrapper)
--257-- REDIR: 0x48f6350 (libc.so.6:strcpy) redirected to 0x48311d0 (_vgnU_ifunc_wrapper)
--257-- REDIR: 0x48f7ad0 (libc.so.6:memcpy@@GLIBC_2.14) redirected to 0x48311d0 (_vgnU_ifunc_wrapper)
--257-- REDIR: 0x49150d0 (libc.so.6:wcsnlen) redirected to 0x48311d0 (_vgnU_ifunc_wrapper)
--257-- REDIR: 0x49139e0 (libc.so.6:wcscpy) redirected to 0x48311d0 (_vgnU_ifunc_wrapper)
--257-- REDIR: 0x48f69a0 (libc.so.6:strpbrk) redirected to 0x48311d0 (_vgnU_ifunc_wrapper)
--257-- REDIR: 0x48f6280 (libc.so.6:index) redirected to 0x48311d0 (_vgnU_ifunc_wrapper)
--257-- REDIR: 0x48f67b0 (libc.so.6:strlen) redirected to 0x48311d0 (_vgnU_ifunc_wrapper)
--257-- REDIR: 0x48ffd20 (libc.so.6:memrchr) redirected to 0x48311d0 (_vgnU_ifunc_wrapper)
--257-- REDIR: 0x48f79d0 (libc.so.6:strcasecmp_l) redirected to 0x48311d0 (_vgnU_ifunc_wrapper)
--257-- REDIR: 0x48f7550 (libc.so.6:memchr) redirected to 0x48311d0 (_vgnU_ifunc_wrapper)
--257-- REDIR: 0x4913ab0 (libc.so.6:wcslen) redirected to 0x48311d0 (_vgnU_ifunc_wrapper)
--257-- REDIR: 0x48f6c60 (libc.so.6:strspn) redirected to 0x48311d0 (_vgnU_ifunc_wrapper)
--257-- REDIR: 0x48f78d0 (libc.so.6:stpncpy) redirected to 0x48311d0 (_vgnU_ifunc_wrapper)
--257-- REDIR: 0x48f7870 (libc.so.6:stpcpy) redirected to 0x48311d0 (_vgnU_ifunc_wrapper)
--257-- REDIR: 0x48f8e10 (libc.so.6:strchrnul) redirected to 0x48311d0 (_vgnU_ifunc_wrapper)
--257-- REDIR: 0x48f7a20 (libc.so.6:strncasecmp_l) redirected to 0x48311d0 (_vgnU_ifunc_wrapper)
--257-- REDIR: 0x49df490 (libc.so.6:__strrchr_avx2) redirected to 0x483ea10 (rindex)
--257-- REDIR: 0x48f1260 (libc.so.6:malloc) redirected to 0x483b780 (malloc)
--257-- REDIR: 0x48f7120 (libc.so.6:__GI_strstr) redirected to 0x4843ca0 (__strstr_sse2)
--257-- REDIR: 0x49e2af0 (libc.so.6:__memset_avx2_unaligned_erms) redirected to 0x48428e0 (memset)
--257-- REDIR: 0x49e0ba0 (libc.so.6:__strcpy_avx2) redirected to 0x483f090 (strcpy)
--257-- REDIR: 0x49df660 (libc.so.6:__strlen_avx2) redirected to 0x483ef40 (strlen)
--257-- REDIR: 0x49e2670 (libc.so.6:__memcpy_avx_unaligned_erms) redirected to 0x48429f0 (memmove)
--257-- REDIR: 0x49dfb20 (libc.so.6:__strcat_avx2) redirected to 0x483ec20 (strcat)
--257-- REDIR: 0x49dab60 (libc.so.6:__strcmp_avx2) redirected to 0x483fed0 (strcmp)
--257-- REDIR: 0x48f1850 (libc.so.6:free) redirected to 0x483c9d0 (free)
--257-- REDIR: 0x49df2a0 (libc.so.6:__strchrnul_avx2) redirected to 0x4843540 (strchrnul)
--257-- REDIR: 0x49e2650 (libc.so.6:__mempcpy_avx_unaligned_erms) redirected to 0x4843660 (mempcpy)
==257== 
==257== HEAP SUMMARY:
==257==     in use at exit: 1,611 bytes in 47 blocks
==257==   total heap usage: 453 allocs, 406 frees, 41,231 bytes allocated
==257== 
==257== Searching for pointers to 47 not-freed blocks
==257== Checked 72,784 bytes
==257== 
==257== 2 bytes in 1 blocks are indirectly lost in loss record 1 of 23
==257==    at 0x483B7F3: malloc (in /usr/lib/x86_64-linux-gnu/valgrind/vgpreload_memcheck-amd64-linux.so)
==257==    by 0x48F650E: strdup (strdup.c:42)
==257==    by 0x10DB64: yyparse (syntax.y:713)
==257==    by 0x10E69B: main (syntax.y:746)
==257== 
==257== 6 bytes in 3 blocks are indirectly lost in loss record 2 of 23
==257==    at 0x483B7F3: malloc (in /usr/lib/x86_64-linux-gnu/valgrind/vgpreload_memcheck-amd64-linux.so)
==257==    by 0x48F650E: strdup (strdup.c:42)
==257==    by 0x10D860: yyparse (syntax.y:658)
==257==    by 0x10E69B: main (syntax.y:746)
==257== 
==257== 11 bytes in 1 blocks are indirectly lost in loss record 3 of 23
==257==    at 0x483B7F3: malloc (in /usr/lib/x86_64-linux-gnu/valgrind/vgpreload_memcheck-amd64-linux.so)
==257==    by 0x48F650E: strdup (strdup.c:42)
==257==    by 0x110E02: createAstNode (structures.c:97)
==257==    by 0x10D939: yyparse (syntax.y:672)
==257==    by 0x10E69B: main (syntax.y:746)
==257== 
==257== 13 bytes in 1 blocks are indirectly lost in loss record 4 of 23
==257==    at 0x483B7F3: malloc (in /usr/lib/x86_64-linux-gnu/valgrind/vgpreload_memcheck-amd64-linux.so)
==257==    by 0x48F650E: strdup (strdup.c:42)
==257==    by 0x110E02: createAstNode (structures.c:97)
==257==    by 0x10DB2E: yyparse (syntax.y:711)
==257==    by 0x10E69B: main (syntax.y:746)
==257== 
==257== 16 bytes in 2 blocks are indirectly lost in loss record 5 of 23
==257==    at 0x483B7F3: malloc (in /usr/lib/x86_64-linux-gnu/valgrind/vgpreload_memcheck-amd64-linux.so)
==257==    by 0x48F650E: strdup (strdup.c:42)
==257==    by 0x110E02: createAstNode (structures.c:97)
==257==    by 0x10D3D2: yyparse (syntax.y:586)
==257==    by 0x10E69B: main (syntax.y:746)
==257== 
==257== 16 bytes in 2 blocks are definitely lost in loss record 6 of 23
==257==    at 0x483B7F3: malloc (in /usr/lib/x86_64-linux-gnu/valgrind/vgpreload_memcheck-amd64-linux.so)
==257==    by 0x48F650E: strdup (strdup.c:42)
==257==    by 0x110E02: createAstNode (structures.c:97)
==257==    by 0x10D3D2: yyparse (syntax.y:586)
==257==    by 0x10E69B: main (syntax.y:746)
==257== 
==257== 16 bytes in 2 blocks are definitely lost in loss record 7 of 23
==257==    at 0x483B7F3: malloc (in /usr/lib/x86_64-linux-gnu/valgrind/vgpreload_memcheck-amd64-linux.so)
==257==    by 0x48F650E: strdup (strdup.c:42)
==257==    by 0x110E02: createAstNode (structures.c:97)
==257==    by 0x10D144: yyparse (syntax.y:543)
==257==    by 0x10E69B: main (syntax.y:746)
==257== 
==257== 18 bytes in 2 blocks are indirectly lost in loss record 8 of 23
==257==    at 0x483B7F3: malloc (in /usr/lib/x86_64-linux-gnu/valgrind/vgpreload_memcheck-amd64-linux.so)
==257==    by 0x48F650E: strdup (strdup.c:42)
==257==    by 0x110E02: createAstNode (structures.c:97)
==257==    by 0x10D2DE: yyparse (syntax.y:569)
==257==    by 0x10E69B: main (syntax.y:746)
==257== 
==257== 32 bytes in 4 blocks are indirectly lost in loss record 9 of 23
==257==    at 0x483B7F3: malloc (in /usr/lib/x86_64-linux-gnu/valgrind/vgpreload_memcheck-amd64-linux.so)
==257==    by 0x48F650E: strdup (strdup.c:42)
==257==    by 0x110E02: createAstNode (structures.c:97)
==257==    by 0x10D4C6: yyparse (syntax.y:603)
==257==    by 0x10E69B: main (syntax.y:746)
==257== 
==257== 33 bytes in 3 blocks are indirectly lost in loss record 10 of 23
==257==    at 0x483B7F3: malloc (in /usr/lib/x86_64-linux-gnu/valgrind/vgpreload_memcheck-amd64-linux.so)
==257==    by 0x48F650E: strdup (strdup.c:42)
==257==    by 0x110E02: createAstNode (structures.c:97)
==257==    by 0x10D82A: yyparse (syntax.y:656)
==257==    by 0x10E69B: main (syntax.y:746)
==257== 
==257== 40 bytes in 4 blocks are indirectly lost in loss record 11 of 23
==257==    at 0x483B7F3: malloc (in /usr/lib/x86_64-linux-gnu/valgrind/vgpreload_memcheck-amd64-linux.so)
==257==    by 0x48F650E: strdup (strdup.c:42)
==257==    by 0x110E02: createAstNode (structures.c:97)
==257==    by 0x10D514: yyparse (syntax.y:611)
==257==    by 0x10E69B: main (syntax.y:746)
==257== 
==257== 64 bytes in 1 blocks are indirectly lost in loss record 12 of 23
==257==    at 0x483B7F3: malloc (in /usr/lib/x86_64-linux-gnu/valgrind/vgpreload_memcheck-amd64-linux.so)
==257==    by 0x110DF2: createAstNode (structures.c:96)
==257==    by 0x10DB2E: yyparse (syntax.y:711)
==257==    by 0x10E69B: main (syntax.y:746)
==257== 
==257== 64 bytes in 1 blocks are indirectly lost in loss record 13 of 23
==257==    at 0x483B7F3: malloc (in /usr/lib/x86_64-linux-gnu/valgrind/vgpreload_memcheck-amd64-linux.so)
==257==    by 0x110DF2: createAstNode (structures.c:96)
==257==    by 0x10D939: yyparse (syntax.y:672)
==257==    by 0x10E69B: main (syntax.y:746)
==257== 
==257== 64 bytes in 1 blocks are indirectly lost in loss record 14 of 23
==257==    at 0x483B7F3: malloc (in /usr/lib/x86_64-linux-gnu/valgrind/vgpreload_memcheck-amd64-linux.so)
==257==    by 0x110DF2: createAstNode (structures.c:96)
==257==    by 0x10CF19: yyparse (syntax.y:504)
==257==    by 0x10E69B: main (syntax.y:746)
==257== 
==257== 64 bytes in 1 blocks are indirectly lost in loss record 15 of 23
==257==    at 0x483B7F3: malloc (in /usr/lib/x86_64-linux-gnu/valgrind/vgpreload_memcheck-amd64-linux.so)
==257==    by 0x110DF2: createAstNode (structures.c:96)
==257==    by 0x10CA4D: yyparse (syntax.y:419)
==257==    by 0x10E69B: main (syntax.y:746)
==257== 
==257== 64 bytes in 1 blocks are definitely lost in loss record 16 of 23
==257==    at 0x483B7F3: malloc (in /usr/lib/x86_64-linux-gnu/valgrind/vgpreload_memcheck-amd64-linux.so)
==257==    by 0x110DF2: createAstNode (structures.c:96)
==257==    by 0x10B730: yyparse (syntax.y:120)
==257==    by 0x10E69B: main (syntax.y:746)
==257== 
==257== 128 bytes in 2 blocks are indirectly lost in loss record 17 of 23
==257==    at 0x483B7F3: malloc (in /usr/lib/x86_64-linux-gnu/valgrind/vgpreload_memcheck-amd64-linux.so)
==257==    by 0x110DF2: createAstNode (structures.c:96)
==257==    by 0x10D4C6: yyparse (syntax.y:603)
==257==    by 0x10E69B: main (syntax.y:746)
==257== 
==257== 128 bytes in 2 blocks are indirectly lost in loss record 18 of 23
==257==    at 0x483B7F3: malloc (in /usr/lib/x86_64-linux-gnu/valgrind/vgpreload_memcheck-amd64-linux.so)
==257==    by 0x110DF2: createAstNode (structures.c:96)
==257==    by 0x10D3D2: yyparse (syntax.y:586)
==257==    by 0x10E69B: main (syntax.y:746)
==257== 
==257== 128 bytes in 2 blocks are indirectly lost in loss record 19 of 23
==257==    at 0x483B7F3: malloc (in /usr/lib/x86_64-linux-gnu/valgrind/vgpreload_memcheck-amd64-linux.so)
==257==    by 0x110DF2: createAstNode (structures.c:96)
==257==    by 0x10C4FB: yyparse (syntax.y:319)
==257==    by 0x10E69B: main (syntax.y:746)
==257== 
==257== 192 bytes in 3 blocks are indirectly lost in loss record 20 of 23
==257==    at 0x483B7F3: malloc (in /usr/lib/x86_64-linux-gnu/valgrind/vgpreload_memcheck-amd64-linux.so)
==257==    by 0x110DF2: createAstNode (structures.c:96)
==257==    by 0x10D82A: yyparse (syntax.y:656)
==257==    by 0x10E69B: main (syntax.y:746)
==257== 
==257== 256 bytes in 4 blocks are indirectly lost in loss record 21 of 23
==257==    at 0x483B7F3: malloc (in /usr/lib/x86_64-linux-gnu/valgrind/vgpreload_memcheck-amd64-linux.so)
==257==    by 0x110DF2: createAstNode (structures.c:96)
==257==    by 0x10D514: yyparse (syntax.y:611)
==257==    by 0x10E69B: main (syntax.y:746)
==257== 
==257== 651 (128 direct, 523 indirect) bytes in 2 blocks are definitely lost in loss record 22 of 23
==257==    at 0x483B7F3: malloc (in /usr/lib/x86_64-linux-gnu/valgrind/vgpreload_memcheck-amd64-linux.so)
==257==    by 0x110DF2: createAstNode (structures.c:96)
==257==    by 0x10D4C6: yyparse (syntax.y:603)
==257==    by 0x10E69B: main (syntax.y:746)
==257== 
==257== 864 (128 direct, 736 indirect) bytes in 2 blocks are definitely lost in loss record 23 of 23
==257==    at 0x483B7F3: malloc (in /usr/lib/x86_64-linux-gnu/valgrind/vgpreload_memcheck-amd64-linux.so)
==257==    by 0x110DF2: createAstNode (structures.c:96)
==257==    by 0x10D2DE: yyparse (syntax.y:569)
==257==    by 0x10E69B: main (syntax.y:746)
==257== 
==257== LEAK SUMMARY:
==257==    definitely lost: 352 bytes in 9 blocks
==257==    indirectly lost: 1,259 bytes in 38 blocks
==257==      possibly lost: 0 bytes in 0 blocks
==257==    still reachable: 0 bytes in 0 blocks
==257==         suppressed: 0 bytes in 0 blocks
==257== 
==257== ERROR SUMMARY: 5 errors from 5 contexts (suppressed: 0 from 0)
